c:\users\terem\source\repos\siaod2-5-1\siaod2-5-1\debug\vc142.pdb
c:\users\terem\source\repos\siaod2-5-1\siaod2-5-1\debug\vc142.idb
c:\users\terem\source\repos\siaod2-5-1\siaod2-5-1\debug\siaod2-5-1.obj
c:\users\terem\source\repos\siaod2-5-1\siaod2-5-1\debug\bst.obj
c:\users\terem\source\repos\siaod2-5-1\siaod2-5-1\debug\funcs.obj
c:\users\terem\source\repos\siaod2-5-1\debug\siaod2-5-1.pdb
c:\users\terem\source\repos\siaod2-5-1\siaod2-5-1\debug\siaod2-5-1.tlog\cl.command.1.tlog
c:\users\terem\source\repos\siaod2-5-1\siaod2-5-1\debug\siaod2-5-1.tlog\cl.read.1.tlog
c:\users\terem\source\repos\siaod2-5-1\siaod2-5-1\debug\siaod2-5-1.tlog\cl.write.1.tlog
c:\users\terem\source\repos\siaod2-5-1\siaod2-5-1\debug\siaod2-5-1.tlog\link-cvtres.read.1.tlog
c:\users\terem\source\repos\siaod2-5-1\siaod2-5-1\debug\siaod2-5-1.tlog\link-cvtres.write.1.tlog
c:\users\terem\source\repos\siaod2-5-1\siaod2-5-1\debug\siaod2-5-1.tlog\link-rc.read.1.tlog
c:\users\terem\source\repos\siaod2-5-1\siaod2-5-1\debug\siaod2-5-1.tlog\link-rc.write.1.tlog
c:\users\terem\source\repos\siaod2-5-1\siaod2-5-1\debug\siaod2-5-1.tlog\link.15832-cvtres.read.1.tlog
c:\users\terem\source\repos\siaod2-5-1\siaod2-5-1\debug\siaod2-5-1.tlog\link.15832-cvtres.write.1.tlog
c:\users\terem\source\repos\siaod2-5-1\siaod2-5-1\debug\siaod2-5-1.tlog\link.15832-rc.read.1.tlog
c:\users\terem\source\repos\siaod2-5-1\siaod2-5-1\debug\siaod2-5-1.tlog\link.15832-rc.write.1.tlog
c:\users\terem\source\repos\siaod2-5-1\siaod2-5-1\debug\siaod2-5-1.tlog\link.15832.read.1.tlog
c:\users\terem\source\repos\siaod2-5-1\siaod2-5-1\debug\siaod2-5-1.tlog\link.15832.write.1.tlog
c:\users\terem\source\repos\siaod2-5-1\siaod2-5-1\debug\siaod2-5-1.tlog\link.command.1.tlog
c:\users\terem\source\repos\siaod2-5-1\siaod2-5-1\debug\siaod2-5-1.tlog\link.read.1.tlog
c:\users\terem\source\repos\siaod2-5-1\siaod2-5-1\debug\siaod2-5-1.tlog\link.write.1.tlog
